<?xml version="1.0" encoding="UTF-8" ?>
<testsuite errors="0" skipped="0" tests="1" time="15.692" failures="0" name="helloworld.BPELHelloWorldTestCase">
  <properties>
    <property value="Java(TM) 2 Runtime Environment, Standard Edition" name="java.runtime.name"/>
    <property value="C:\jdk1.5.0_14\jre\bin" name="sun.boot.library.path"/>
    <property value="1.5.0_14-b03" name="java.vm.version"/>
    <property value="Sun Microsystems Inc." name="java.vm.vendor"/>
    <property value="http://java.sun.com/" name="java.vendor.url"/>
    <property value=";" name="path.separator"/>
    <property value="Java HotSpot(TM) Client VM" name="java.vm.name"/>
    <property value="sun.io" name="file.encoding.pkg"/>
    <property value="GB" name="user.country"/>
    <property value="SUN_STANDARD" name="sun.java.launcher"/>
    <property value="Service Pack 2" name="sun.os.patch.level"/>
    <property value="Java Virtual Machine Specification" name="java.vm.specification.name"/>
    <property value="c:\Tuscany\java\sca\samples\helloworld-bpel" name="user.dir"/>
    <property value="1.5.0_14-b03" name="java.runtime.version"/>
    <property value="target" name="derby.system.home"/>
    <property value="sun.awt.Win32GraphicsEnvironment" name="java.awt.graphicsenv"/>
    <property value="c:\Tuscany\java\sca\samples\helloworld-bpel" name="basedir"/>
    <property value="C:\jdk1.5.0_14\jre\lib\endorsed" name="java.endorsed.dirs"/>
    <property value="x86" name="os.arch"/>
    <property value="C:\DOCUME~1\MIKEED~1\LOCALS~1\Temp\" name="java.io.tmpdir"/>
    <property value="
" name="line.separator"/>
    <property value="Sun Microsystems Inc." name="java.vm.specification.vendor"/>
    <property value="" name="user.variant"/>
    <property value="Windows XP" name="os.name"/>
    <property value="Cp1252" name="sun.jnu.encoding"/>
    <property value="C:\jdk1.5.0_14\jre\bin;.;C:\WINDOWS\system32;C:\WINDOWS;C:\WINDOWS\system32;C:\WINDOWS;C:\WINDOWS\System32\Wbem;C:\Program Files\IBM\Infoprint Select;C:\Program Files\ATI Technologies\ATI Control Panel;C:\Program Files\ATI Technologies\Fire GL 3D Studio Max;C:\jdk1.5.0_14\bin;C:\Tools\SVN\bin;C:\Tools\Maven\bin;C:\Tools\Ant\bin;" name="java.library.path"/>
    <property value="Java Platform API Specification" name="java.specification.name"/>
    <property value="49.0" name="java.class.version"/>
    <property value="HotSpot Client Compiler" name="sun.management.compiler"/>
    <property value="5.1" name="os.version"/>
    <property value="C:\Documents and Settings\Mike Edwards" name="user.home"/>
    <property value="Europe/London" name="user.timezone"/>
    <property value="sun.awt.windows.WPrinterJob" name="java.awt.printerjob"/>
    <property value="Cp1252" name="file.encoding"/>
    <property value="1.5" name="java.specification.version"/>
    <property value="Mike Edwards" name="user.name"/>
    <property value="C:\DOCUME~1\MIKEED~1\LOCALS~1\Temp\surefirebooter33584.jar" name="java.class.path"/>
    <property value="1.0" name="java.vm.specification.version"/>
    <property value="32" name="sun.arch.data.model"/>
    <property value="C:\jdk1.5.0_14\jre" name="java.home"/>
    <property value="Sun Microsystems Inc." name="java.specification.vendor"/>
    <property value="en" name="user.language"/>
    <property value="sun.awt.windows.WToolkit" name="awt.toolkit"/>
    <property value="mixed mode" name="java.vm.info"/>
    <property value="1.5.0_14" name="java.version"/>
    <property value="C:\jdk1.5.0_14\jre\lib\ext" name="java.ext.dirs"/>
    <property value="C:\jdk1.5.0_14\jre\lib\rt.jar;C:\jdk1.5.0_14\jre\lib\i18n.jar;C:\jdk1.5.0_14\jre\lib\sunrsasign.jar;C:\jdk1.5.0_14\jre\lib\jsse.jar;C:\jdk1.5.0_14\jre\lib\jce.jar;C:\jdk1.5.0_14\jre\lib\charsets.jar;C:\jdk1.5.0_14\jre\classes" name="sun.boot.class.path"/>
    <property value="Sun Microsystems Inc." name="java.vendor"/>
    <property value="C:\Documents and Settings\Mike Edwards\.m2\repository" name="localRepository"/>
    <property value="\" name="file.separator"/>
    <property value="http://java.sun.com/cgi-bin/bugreport.cgi" name="java.vendor.url.bug"/>
    <property value="little" name="sun.cpu.endian"/>
    <property value="UnicodeLittle" name="sun.io.unicode.encoding"/>
    <property value="windows" name="sun.desktop"/>
    <property value="pentium_pro+mmx pentium_pro pentium+mmx pentium i486 i386 i86" name="sun.cpu.isalist"/>
  </properties>
  <testcase time="15.672" name="testInvoke"/>
</testsuite>